<?xml version="1.0" encoding="UTF-8"?>
<testsuite xmlns:xsi="http://www.w3.org/2001/XMLSchema-instance" xsi:noNamespaceSchemaLocation="https://maven.apache.org/surefire/maven-surefire-plugin/xsd/surefire-test-report.xsd" name="TestSuite" time="29.661" tests="16" errors="0" skipped="15" failures="1">
  <properties>
[...]
</properties>
  <testcase name="AddProduct" classname="tests.CartTest" time="28.274">
    <failure message="element click intercepted: Element &lt;i ng-show=&quot;isShowAddBtn(dish.availableToOrder)&quot; class=&quot;plus&quot; data-ng-click=&quot;add(dish, $event)&quot;&gt;&lt;/i&gt; is not clickable at point (928, 520). Other element would receive the click: &lt;div class=&quot;ngdialog-overlay&quot;&gt;&lt;/div&gt;&#10;  (Session info: chrome=76.0.3809.100)&#10;Build info: version: &apos;3.4.0&apos;, revision: &apos;unknown&apos;, time: &apos;unknown&apos;&#10;System info: host: &apos;ZHYHYR&apos;, ip: &apos;192.168.2.1&apos;, os.name: &apos;Windows 8.1&apos;, os.arch: &apos;amd64&apos;, os.version: &apos;6.3&apos;, java.version: &apos;1.8.0_221&apos;&#10;Driver info: org.openqa.selenium.chrome.ChromeDriver&#10;Capabilities [{networkConnectionEnabled=false, chrome={chromedriverVersion=75.0.3770.140 (2d9f97485c7b07dc18a74666574f19176731995c-refs/branch-heads/3770@{#1155}), userDataDir=C:\Users\1C98~1\AppData\Local\Temp\scoped_dir6624_12130}, timeouts={implicit=0.0, pageLoad=300000.0, script=30000.0}, pageLoadStrategy=normal, unhandledPromptBehavior=dismiss and notify, strictFileInteractability=false, platform=ANY, proxy=Proxy(), goog:chromeOptions={debuggerAddress=localhost:51621}, acceptInsecureCerts=false, browserVersion=76.0.3809.100, browserName=chrome, javascriptEnabled=true, platformName=windows nt, setWindowRect=true}]&#10;Session ID: 67c6646f9e7ea3d2a4156801a262c041" type="org.openqa.selenium.WebDriverException"><![CDATA[org.openqa.selenium.WebDriverException: 
element click intercepted: Element <i ng-show="isShowAddBtn(dish.availableToOrder)" class="plus" data-ng-click="add(dish, $event)"></i> is not clickable at point (928, 520). Other element would receive the click: <div class="ngdialog-overlay"></div>
  (Session info: chrome=76.0.3809.100)
Build info: version: '3.4.0', revision: 'unknown', time: 'unknown'
System info: host: 'ZHYHYR', ip: '192.168.2.1', os.name: 'Windows 8.1', os.arch: 'amd64', os.version: '6.3', java.version: '1.8.0_221'
Driver info: org.openqa.selenium.chrome.ChromeDriver
Capabilities [{networkConnectionEnabled=false, chrome={chromedriverVersion=75.0.3770.140 (2d9f97485c7b07dc18a74666574f19176731995c-refs/branch-heads/3770@{#1155}), userDataDir=C:\Users\1C98~1\AppData\Local\Temp\scoped_dir6624_12130}, timeouts={implicit=0.0, pageLoad=300000.0, script=30000.0}, pageLoadStrategy=normal, unhandledPromptBehavior=dismiss and notify, strictFileInteractability=false, platform=ANY, proxy=Proxy(), goog:chromeOptions={debuggerAddress=localhost:51621}, acceptInsecureCerts=false, browserVersion=76.0.3809.100, browserName=chrome, javascriptEnabled=true, platformName=windows nt, setWindowRect=true}]
Session ID: 67c6646f9e7ea3d2a4156801a262c041
	at tests.CartTest.AddProduct(CartTest.java:27)
]]></failure>
    <system-err><![CDATA[Starting ChromeDriver 75.0.3770.140 (2d9f97485c7b07dc18a74666574f19176731995c-refs/branch-heads/3770@{#1155}) on port 48396
Only local connections are allowed.
Please protect ports used by ChromeDriver and related test frameworks to prevent access by malicious code.
[1565422427.971][WARNING]: This version of ChromeDriver has not been tested with Chrome version 76.
авг 10, 2019 10:33:49 AM org.openqa.selenium.remote.ProtocolHandshake createSession
INFO: Detected dialect: W3C
Starting ChromeDriver 75.0.3770.140 (2d9f97485c7b07dc18a74666574f19176731995c-refs/branch-heads/3770@{#1155}) on port 21659
Only local connections are allowed.
Please protect ports used by ChromeDriver and related test frameworks to prevent access by malicious code.
[1565422431.725][WARNING]: This version of ChromeDriver has not been tested with Chrome version 76.
авг 10, 2019 10:33:52 AM org.openqa.selenium.remote.ProtocolHandshake createSession
INFO: Detected dialect: W3C
]]></system-err>
  </testcase>
  <testcase name="CreateOrder" classname="tests.CartTest" time="0">
    <skipped/>
  </testcase>
  <testcase name="profileSetup" classname="tests.CartTest" time="0">
    <skipped/>
  </testcase>
  <testcase name="appSetup" classname="tests.SearchFunctionTest" time="0">
    <skipped/>
  </testcase>
  <testcase name="SearchTestExistentInfo" classname="tests.SearchFunctionTest" time="0">
    <skipped/>
  </testcase>
  <testcase name="SearchTestExistentInfo" classname="tests.SearchFunctionTest" time="0">
    <skipped/>
  </testcase>
  <testcase name="SearchTestExistentInfo" classname="tests.SearchFunctionTest" time="0">
    <skipped/>
  </testcase>
  <testcase name="SearchTestNonexistentInfo" classname="tests.SearchFunctionTest" time="0">
    <skipped/>
  </testcase>
  <testcase name="SearchTestNonexistentInfo" classname="tests.SearchFunctionTest" time="0">
    <skipped/>
  </testcase>
  <testcase name="cancellDelete" classname="tests.CartTest" time="0">
    <skipped/>
  </testcase>
  <testcase name="checkCartContent" classname="tests.CartTest" time="0">
    <skipped/>
  </testcase>
  <testcase name="confirmDelete" classname="tests.CartTest" time="0">
    <skipped/>
  </testcase>
  <testcase name="confirmCheckout" classname="tests.CheckoutTest" time="0">
    <skipped/>
  </testcase>
  <testcase name="BrowserClose" classname="tests.CartTest" time="0">
    <skipped/>
  </testcase>
  <testcase name="BrowserClose" classname="tests.CartTest" time="0">
    <skipped/>
  </testcase>
  <testcase name="BrowserClose" classname="tests.CartTest" time="0">
    <skipped/>
  </testcase>
</testsuite>